<?xml version="1.0" encoding="UTF-8"?>
<!-- Generated by org.testng.reporters.JUnitReportReporter -->
<testsuite hostname="HONEYOS" failures="0" tests="4" name="testLayer.LoginTest" time="18.072" errors="0" timestamp="2023-04-23T21:18:20 EDT" skipped="0">
  <testcase classname="testLayer.LoginTest" name="title" time="3.820"/>
  <system-out/>
  <testcase classname="testLayer.LoginTest" name="Login" time="4.014"/>
  <system-out/>
  <testcase classname="testLayer.LoginTest" name="Login" time="4.468"/>
  <system-out/>
  <testcase classname="testLayer.LoginTest" name="Login" time="5.770"/>
  <system-out/>
</testsuite> <!-- testLayer.LoginTest -->
